{"total": {"lines":{"total":105,"covered":57,"skipped":0,"pct":54.29},"statements":{"total":105,"covered":57,"skipped":0,"pct":54.29},"functions":{"total":2,"covered":1,"skipped":0,"pct":50},"branches":{"total":13,"covered":12,"skipped":0,"pct":92.31}}
,"C:\\SoftwareStuff\\Projects\\text-process\\src\\string-distance-calculator\\levenshtein-string-distance-calculator.ts": {"lines":{"total":105,"covered":57,"skipped":0,"pct":54.29},"functions":{"total":2,"covered":1,"skipped":0,"pct":50},"statements":{"total":105,"covered":57,"skipped":0,"pct":54.29},"branches":{"total":13,"covered":12,"skipped":0,"pct":92.31}}
}
