TN:
SF:src\string-distance-calculator\levenshtein-string-distance-calculator.ts
FN:11,calculateDistance
FN:58,findMinDistance
FNF:2
FNH:1
FNDA:8,calculateDistance
FNDA:0,findMinDistance
DA:1,1
DA:2,1
DA:3,1
DA:4,1
DA:5,1
DA:6,1
DA:7,1
DA:8,1
DA:9,1
DA:10,1
DA:11,1
DA:12,8
DA:13,8
DA:14,0
DA:15,0
DA:16,8
DA:17,1
DA:18,1
DA:19,7
DA:20,7
DA:21,7
DA:22,63
DA:23,63
DA:24,63
DA:25,7
DA:26,63
DA:27,56
DA:28,56
DA:29,63
DA:30,7
DA:31,7
DA:32,7
DA:33,8
DA:34,56
DA:35,56
DA:36,480
DA:37,480
DA:38,480
DA:39,480
DA:40,480
DA:41,480
DA:42,480
DA:43,480
DA:44,480
DA:45,480
DA:46,480
DA:47,480
DA:48,480
DA:49,56
DA:50,7
DA:51,7
DA:52,7
DA:53,7
DA:54,1
DA:55,1
DA:56,1
DA:57,1
DA:58,1
DA:59,0
DA:60,0
DA:61,0
DA:62,0
DA:63,0
DA:64,0
DA:65,0
DA:66,0
DA:67,0
DA:68,0
DA:69,0
DA:70,0
DA:71,0
DA:72,0
DA:73,0
DA:74,0
DA:75,0
DA:76,0
DA:77,0
DA:78,0
DA:79,0
DA:80,0
DA:81,0
DA:82,0
DA:83,0
DA:84,0
DA:85,0
DA:86,0
DA:87,0
DA:88,0
DA:89,0
DA:90,0
DA:91,0
DA:92,0
DA:93,0
DA:94,0
DA:95,0
DA:96,0
DA:97,0
DA:98,0
DA:99,0
DA:100,0
DA:101,0
DA:102,0
DA:103,0
DA:104,0
DA:105,1
LF:105
LH:57
BRDA:11,0,0,8
BRDA:13,1,0,0
BRDA:16,2,0,1
BRDA:19,3,0,7
BRDA:33,4,0,56
BRDA:35,5,0,480
BRDA:37,6,0,64
BRDA:37,7,0,416
BRDA:50,8,0,7
BRDA:21,9,0,63
BRDA:24,10,0,7
BRDA:26,11,0,56
BRDA:25,12,0,67
BRF:13
BRH:12
end_of_record
